C:\Documents and Settings\physics\Desktop\Jobs\1inchspacer.dwg,Model,8/13/2009 2:55:44 PM,physics,HP Color LaserJet 2605dn_2605dtn PCL 6,A4,1:0.0295934,
C:\Documents and Settings\physics\Desktop\Jobs\1inchspacer.dwg,Model,8/13/2009 2:59:25 PM,physics,HP Color LaserJet 2605dn_2605dtn PCL 6,A4,1:0.047296,
C:\Documents and Settings\physics\Desktop\Jobs\1inchspacer.dwg,Model,8/13/2009 3:00:19 PM,physics,HP Color LaserJet 2605dn_2605dtn PCL 6,Letter,1:0.65034,
C:\Documents and Settings\physics\Desktop\Jobs\Drawing2.dwg,Model,8/13/2009 3:02:21 PM,physics,HP Color LaserJet 2605dn_2605dtn PCL 6,Letter,1:1.1542,
C:\Documents and Settings\physics\Desktop\Jobs\Drawing2.dwg,Model,8/13/2009 3:04:27 PM,physics,HP Color LaserJet 2605dn_2605dtn PCL 6,Letter,1:0.860814,
C:\Documents and Settings\physics\Desktop\Jobs\Job#1.dwg,Model,8/13/2009 3:07:21 PM,physics,HP Color LaserJet 2605dn_2605dtn PCL 6,Letter,1:1.17785,
C:\Documents and Settings\physics\Desktop\Jobs\Job#2.a.dwg,Model,8/13/2009 3:09:06 PM,physics,HP Color LaserJet 2605dn_2605dtn PCL 6,Letter,1:1.36576,
C:\Documents and Settings\physics\Desktop\Jobs\Job#5.dwg,Model,8/13/2009 3:10:46 PM,physics,HP Color LaserJet 2605dn_2605dtn PCL 6,Letter,1:5.86763,
C:\Documents and Settings\physics\Desktop\Jobs\Job#8.dwg,Model,8/13/2009 3:11:38 PM,physics,HP Color LaserJet 2605dn_2605dtn PCL 6,Letter,1:0.794018,
C:\Documents and Settings\physics\Desktop\Jobs\Job#2.dwg,Model,8/13/2009 3:12:12 PM,physics,HP Color LaserJet 2605dn_2605dtn PCL 6,Letter,1:1.08942,
C:\Documents and Settings\physics\Desktop\Jobs\Job#6.dwg,Model,8/13/2009 3:12:39 PM,physics,HP Color LaserJet 2605dn_2605dtn PCL 6,Letter,1:1.03306,
C:\Documents and Settings\physics\Desktop\Jobs\handle.dwg,Model,8/13/2009 3:13:35 PM,physics,HP Color LaserJet 2605dn_2605dtn PCL 6,Letter,1:0.456889,
C:\Documents and Settings\physics\Desktop\Jobs\Job#3.dwg,Model,8/13/2009 3:14:23 PM,physics,HP Color LaserJet 2605dn_2605dtn PCL 6,Letter,1:0.87991,
C:\Documents and Settings\physics\Desktop\Jobs\Job#3.dwg,Model,8/13/2009 3:14:37 PM,physics,HP Color LaserJet 2605dn_2605dtn PCL 6,Letter,1:0.87991,
C:\Documents and Settings\physics\Desktop\Jobs\Job#4.dwg,Model,8/13/2009 3:15:08 PM,physics,HP Color LaserJet 2605dn_2605dtn PCL 6,Letter,1:5.60638,
C:\Documents and Settings\physics\Desktop\Jobs\Job#5.dwg,Model,8/13/2009 3:15:41 PM,physics,HP Color LaserJet 2605dn_2605dtn PCL 6,Letter,1:5.86781,
C:\Documents and Settings\physics\Desktop\Jobs\7by8inchspacer.dwg,Model,8/13/2009 3:21:35 PM,physics,HP Color LaserJet 2605dn_2605dtn PCL 6,Letter,1:0.438549,
C:\Documents and Settings\physics\Desktop\Jobs\7by8inchspacer.dwg,Model,8/13/2009 3:23:07 PM,physics,HP Color LaserJet 2605dn_2605dtn PCL 6,Letter,1:0.438549,
C:\Documents and Settings\physics\Desktop\Jobs\Drawing1.dwg,Model,8/13/2009 3:33:00 PM,physics,HP Color LaserJet 2605dn_2605dtn PCL 6,Letter,1:6.63224,
C:\Documents and Settings\physics\Desktop\Jobs\fan assemly.dwg,Model,8/13/2009 3:34:38 PM,physics,HP Color LaserJet 2605dn_2605dtn PCL 6,Letter,1:0.690864,
C:\Documents and Settings\physics\Desktop\Jobs\Modifications in thumb screw.dwg,Model,8/13/2009 3:37:57 PM,physics,HP Color LaserJet 2605dn_2605dtn PCL 6,Letter,1:0.254804,
C:\Documents and Settings\physics\Desktop\Jobs\Pulleybracket.dwg,Model,8/13/2009 3:38:23 PM,physics,HP Color LaserJet 2605dn_2605dtn PCL 6,Letter,1:0.572362,
C:\Documents and Settings\physics\Desktop\Jobs\Round-disc.dwg,Model,8/13/2009 3:41:11 PM,physics,HP Color LaserJet 2605dn_2605dtn PCL 6,Letter,1:2.33311,
C:\Documents and Settings\physics\Desktop\Jobs\somebox.dwg,Model,8/13/2009 3:41:42 PM,physics,HP Color LaserJet 2605dn_2605dtn PCL 6,Letter,1:1.70434,
C:\Documents and Settings\physics\Desktop\Jobs\track.dwg,Model,8/13/2009 3:42:12 PM,physics,HP Color LaserJet 2605dn_2605dtn PCL 6,Letter,1:1.06358,
C:\Documents and Settings\physics\Desktop\Jobs\tube.dwg,Model,8/13/2009 3:42:39 PM,physics,HP Color LaserJet 2605dn_2605dtn PCL 6,Letter,1:1.57159,
